<?xml version="1.0" encoding="UTF-8"?>
<testsuites tests="6" failures="0" errors="0" time="22.876249">
	<testsuite tests="0" failures="0" time="0.000000" name="github.com/oleksandr-san/k8s-controller" timestamp="2025-06-26T20:36:04+03:00">
		<properties>
			<property name="go.version" value="go1.24.4 darwin/amd64"></property>
		</properties>
	</testsuite>
	<testsuite tests="0" failures="0" time="0.000000" name="github.com/oleksandr-san/k8s-controller/cmd" timestamp="2025-06-26T20:36:04+03:00">
		<properties>
			<property name="go.version" value="go1.24.4 darwin/amd64"></property>
		</properties>
	</testsuite>
	<testsuite tests="0" failures="0" time="0.000000" name="github.com/oleksandr-san/k8s-controller/pkg/apis/frontend/v1alpha1" timestamp="2025-06-26T20:36:04+03:00">
		<properties>
			<property name="go.version" value="go1.24.4 darwin/amd64"></property>
		</properties>
	</testsuite>
	<testsuite tests="2" failures="0" time="17.007000" name="github.com/oleksandr-san/k8s-controller/pkg/ctrl" timestamp="2025-06-26T20:36:10+03:00">
		<properties>
			<property name="go.version" value="go1.24.4 darwin/amd64"></property>
		</properties>
		<testcase classname="github.com/oleksandr-san/k8s-controller/pkg/ctrl" name="TestDeploymentReconciler_BasicFlow" time="5.620000"></testcase>
		<testcase classname="github.com/oleksandr-san/k8s-controller/pkg/ctrl" name="TestFrontendReconciler_CreateFlow" time="9.210000"></testcase>
	</testsuite>
	<testsuite tests="3" failures="0" time="11.376000" name="github.com/oleksandr-san/k8s-controller/pkg/informer" timestamp="2025-06-26T20:36:10+03:00">
		<properties>
			<property name="go.version" value="go1.24.4 darwin/amd64"></property>
		</properties>
		<testcase classname="github.com/oleksandr-san/k8s-controller/pkg/informer" name="TestStartInformer" time="5.590000"></testcase>
		<testcase classname="github.com/oleksandr-san/k8s-controller/pkg/informer" name="TestGetObjectName" time="0.000000"></testcase>
		<testcase classname="github.com/oleksandr-san/k8s-controller/pkg/informer" name="TestStartDeploymentInformer_CoversFunction" time="5.210000"></testcase>
	</testsuite>
	<testsuite tests="1" failures="0" time="1.268000" name="github.com/oleksandr-san/k8s-controller/pkg/testutil" timestamp="2025-06-26T20:36:10+03:00">
		<properties>
			<property name="go.version" value="go1.24.4 darwin/amd64"></property>
		</properties>
		<testcase classname="github.com/oleksandr-san/k8s-controller/pkg/testutil" name="TestInt32Ptr" time="0.000000"></testcase>
	</testsuite>
</testsuites>